 
Ansys Electronics Desktop Version 2025.2.0, Build: 2025-05-16 12:03:40
Location: C:\Program Files\ANSYS Inc\v252\AnsysEM\ansysedt.exe
Non Graphical Mode: No Project??
Starting Batch Run: 8:15:00 PM  Oct 12, 2025
Running as user : ANSYS\mlin
Temp directory: C:\Users\mlin\AppData\Local\Temp
Project directory: D:\demo2
[info] GRPC server running on port: 54439.

[info] Project:Project12, myTransient: Solution(s) invalidated. (08:15:08 PM  Oct 12, 2025)
[info] Project:Project12, Design:Circuit Design_KYA, Nexxim simulation will use local parameter scoping. To change this option, please go to Tools>Options>General Options>Circuit Design (08:15:15 PM  Oct 12, 2025)
[info] Project:Project12, Design:Circuit Design_KYA, (info): Processing circuit for new analysis. (08:15:15 PM  Oct 12, 2025)
[info] Project:Project12, Design:Circuit Design_KYA, (info): Starting analysis type TRAN. (08:15:16 PM  Oct 12, 2025)
[info] Project:Project12, Design:Circuit Design_KYA, (info): Simulation succeeded. Total simulator time: 0:00:01 (08:15:16 PM  Oct 12, 2025)
[info] Project:Project12, myTransient: Solution(s) invalidated. (08:15:19 PM  Oct 12, 2025)
[info] Project:Project12, Design:Circuit Design_KYA, Nexxim simulation will use local parameter scoping. To change this option, please go to Tools>Options>General Options>Circuit Design (08:15:21 PM  Oct 12, 2025)
[info] Project:Project12, Design:Circuit Design_KYA, (info): Processing circuit for new analysis. (08:15:22 PM  Oct 12, 2025)
[info] Project:Project12, Design:Circuit Design_KYA, (info): Starting analysis type TRAN. (08:15:22 PM  Oct 12, 2025)
[info] Project:Project12, Design:Circuit Design_KYA, (info): Simulation succeeded. Total simulator time: 0:00:01 (08:15:23 PM  Oct 12, 2025)
[info] Project:Project12, myTransient: Solution(s) invalidated. (08:15:26 PM  Oct 12, 2025)
[info] Project:Project12, Design:Circuit Design_KYA, Nexxim simulation will use local parameter scoping. To change this option, please go to Tools>Options>General Options>Circuit Design (08:15:27 PM  Oct 12, 2025)
[info] Project:Project12, Design:Circuit Design_KYA, (info): Processing circuit for new analysis. (08:15:28 PM  Oct 12, 2025)
[info] Project:Project12, Design:Circuit Design_KYA, (info): Starting analysis type TRAN. (08:15:29 PM  Oct 12, 2025)
[info] Project:Project12, Design:Circuit Design_KYA, (info): Simulation succeeded. Total simulator time: 0:00:01 (08:15:29 PM  Oct 12, 2025)
[info] Project:Project12, myTransient: Solution(s) invalidated. (08:15:32 PM  Oct 12, 2025)
[info] Project:Project12, Design:Circuit Design_KYA, Nexxim simulation will use local parameter scoping. To change this option, please go to Tools>Options>General Options>Circuit Design (08:15:34 PM  Oct 12, 2025)
[info] Project:Project12, Design:Circuit Design_KYA, (info): Processing circuit for new analysis. (08:15:34 PM  Oct 12, 2025)
[info] Project:Project12, Design:Circuit Design_KYA, (info): Starting analysis type TRAN. (08:15:35 PM  Oct 12, 2025)
[info] Project:Project12, Design:Circuit Design_KYA, (info): Simulation succeeded. Total simulator time: 0:00:01 (08:15:35 PM  Oct 12, 2025)
[info] Project:Project12, myTransient: Solution(s) invalidated. (08:15:39 PM  Oct 12, 2025)
[info] Project:Project12, Design:Circuit Design_KYA, Nexxim simulation will use local parameter scoping. To change this option, please go to Tools>Options>General Options>Circuit Design (08:15:41 PM  Oct 12, 2025)
[info] Project:Project12, Design:Circuit Design_KYA, (info): Processing circuit for new analysis. (08:15:42 PM  Oct 12, 2025)
[info] Project:Project12, Design:Circuit Design_KYA, (info): Starting analysis type TRAN. (08:15:43 PM  Oct 12, 2025)
[info] Project:Project12, Design:Circuit Design_KYA, (info): Simulation succeeded. Total simulator time: 0:00:01 (08:15:43 PM  Oct 12, 2025)
[info] Project:Project12, myTransient: Solution(s) invalidated. (08:15:46 PM  Oct 12, 2025)
[info] Project:Project12, Design:Circuit Design_KYA, Nexxim simulation will use local parameter scoping. To change this option, please go to Tools>Options>General Options>Circuit Design (08:15:48 PM  Oct 12, 2025)
[info] Project:Project12, Design:Circuit Design_KYA, (info): Processing circuit for new analysis. (08:15:48 PM  Oct 12, 2025)
[info] Project:Project12, Design:Circuit Design_KYA, (info): Starting analysis type TRAN. (08:15:49 PM  Oct 12, 2025)
[info] Project:Project12, Design:Circuit Design_KYA, (info): Simulation succeeded. Total simulator time: 0:00:01 (08:15:49 PM  Oct 12, 2025)
[info] Project:Project12, myTransient: Solution(s) invalidated. (08:15:54 PM  Oct 12, 2025)
[info] Project:Project12, Design:Circuit Design_KYA, Nexxim simulation will use local parameter scoping. To change this option, please go to Tools>Options>General Options>Circuit Design (08:15:55 PM  Oct 12, 2025)
[info] Project:Project12, Design:Circuit Design_KYA, (info): Processing circuit for new analysis. (08:15:56 PM  Oct 12, 2025)
[info] Project:Project12, Design:Circuit Design_KYA, (info): Starting analysis type TRAN. (08:15:57 PM  Oct 12, 2025)
[info] Project:Project12, Design:Circuit Design_KYA, (info): Simulation succeeded. Total simulator time: 0:00:01 (08:15:57 PM  Oct 12, 2025)
[info] Project:Project12, myTransient: Solution(s) invalidated. (08:16:01 PM  Oct 12, 2025)
[info] Project:Project12, Design:Circuit Design_KYA, Nexxim simulation will use local parameter scoping. To change this option, please go to Tools>Options>General Options>Circuit Design (08:16:02 PM  Oct 12, 2025)
[info] Project:Project12, Design:Circuit Design_KYA, (info): Processing circuit for new analysis. (08:16:03 PM  Oct 12, 2025)
[info] Project:Project12, Design:Circuit Design_KYA, (info): Starting analysis type TRAN. (08:16:04 PM  Oct 12, 2025)
[info] Project:Project12, Design:Circuit Design_KYA, (info): Simulation succeeded. Total simulator time: 0:00:01 (08:16:04 PM  Oct 12, 2025)
[info] Project:Project12, myTransient: Solution(s) invalidated. (08:16:10 PM  Oct 12, 2025)
[info] Project:Project12, Design:Circuit Design_KYA, Nexxim simulation will use local parameter scoping. To change this option, please go to Tools>Options>General Options>Circuit Design (08:16:12 PM  Oct 12, 2025)
[info] Project:Project12, Design:Circuit Design_KYA, (info): Processing circuit for new analysis. (08:16:12 PM  Oct 12, 2025)
[info] Project:Project12, Design:Circuit Design_KYA, (info): Starting analysis type TRAN. (08:16:13 PM  Oct 12, 2025)
[info] Project:Project12, Design:Circuit Design_KYA, (info): Simulation succeeded. Total simulator time: 0:00:01 (08:16:13 PM  Oct 12, 2025)
[info] Project:Project12, myTransient: Solution(s) invalidated. (08:16:17 PM  Oct 12, 2025)
[info] Project:Project12, Design:Circuit Design_KYA, Nexxim simulation will use local parameter scoping. To change this option, please go to Tools>Options>General Options>Circuit Design (08:16:18 PM  Oct 12, 2025)
[info] Project:Project12, Design:Circuit Design_KYA, (info): Processing circuit for new analysis. (08:16:19 PM  Oct 12, 2025)
[info] Project:Project12, Design:Circuit Design_KYA, (info): Starting analysis type TRAN. (08:16:20 PM  Oct 12, 2025)
[info] Project:Project12, Design:Circuit Design_KYA, (info): Simulation succeeded. Total simulator time: 0:00:01 (08:16:20 PM  Oct 12, 2025)
[info] Project:Project12, myTransient: Solution(s) invalidated. (08:16:24 PM  Oct 12, 2025)
[info] Project:Project12, Design:Circuit Design_KYA, Nexxim simulation will use local parameter scoping. To change this option, please go to Tools>Options>General Options>Circuit Design (08:16:26 PM  Oct 12, 2025)
[info] Project:Project12, Design:Circuit Design_KYA, (info): Processing circuit for new analysis. (08:16:26 PM  Oct 12, 2025)
[info] Project:Project12, Design:Circuit Design_KYA, (info): Starting analysis type TRAN. (08:16:27 PM  Oct 12, 2025)
[info] Project:Project12, Design:Circuit Design_KYA, (info): Simulation succeeded. Total simulator time: 0:00:01 (08:16:27 PM  Oct 12, 2025)
[info] Project:Project12, myTransient: Solution(s) invalidated. (08:16:31 PM  Oct 12, 2025)
[info] Project:Project12, Design:Circuit Design_KYA, Nexxim simulation will use local parameter scoping. To change this option, please go to Tools>Options>General Options>Circuit Design (08:16:32 PM  Oct 12, 2025)
[info] Project:Project12, Design:Circuit Design_KYA, (info): Processing circuit for new analysis. (08:16:32 PM  Oct 12, 2025)
[info] Project:Project12, Design:Circuit Design_KYA, (info): Starting analysis type TRAN. (08:16:33 PM  Oct 12, 2025)
[info] Project:Project12, Design:Circuit Design_KYA, (info): Simulation succeeded. Total simulator time: 0:00:00 (08:16:33 PM  Oct 12, 2025)
[info] Project:Project12, myTransient: Solution(s) invalidated. (08:16:37 PM  Oct 12, 2025)
[info] Project:Project12, Design:Circuit Design_KYA, Nexxim simulation will use local parameter scoping. To change this option, please go to Tools>Options>General Options>Circuit Design (08:16:39 PM  Oct 12, 2025)
[info] Project:Project12, Design:Circuit Design_KYA, (info): Processing circuit for new analysis. (08:16:39 PM  Oct 12, 2025)
[info] Project:Project12, Design:Circuit Design_KYA, (info): Starting analysis type TRAN. (08:16:40 PM  Oct 12, 2025)
[info] Project:Project12, Design:Circuit Design_KYA, (info): Simulation succeeded. Total simulator time: 0:00:01 (08:16:40 PM  Oct 12, 2025)
[info] Project:Project12, myTransient: Solution(s) invalidated. (08:16:44 PM  Oct 12, 2025)
[info] Project:Project12, Design:Circuit Design_KYA, Nexxim simulation will use local parameter scoping. To change this option, please go to Tools>Options>General Options>Circuit Design (08:16:46 PM  Oct 12, 2025)
[info] Project:Project12, Design:Circuit Design_KYA, (info): Processing circuit for new analysis. (08:16:46 PM  Oct 12, 2025)
[info] Project:Project12, Design:Circuit Design_KYA, (info): Starting analysis type TRAN. (08:16:47 PM  Oct 12, 2025)
[info] Project:Project12, Design:Circuit Design_KYA, (info): Simulation succeeded. Total simulator time: 0:00:00 (08:16:47 PM  Oct 12, 2025)
[info] Project:Project12, myTransient: Solution(s) invalidated. (08:16:51 PM  Oct 12, 2025)
[info] Project:Project12, Design:Circuit Design_KYA, Nexxim simulation will use local parameter scoping. To change this option, please go to Tools>Options>General Options>Circuit Design (08:16:52 PM  Oct 12, 2025)
[info] Project:Project12, Design:Circuit Design_KYA, (info): Processing circuit for new analysis. (08:16:52 PM  Oct 12, 2025)
[info] Project:Project12, Design:Circuit Design_KYA, (info): Starting analysis type TRAN. (08:16:53 PM  Oct 12, 2025)
[info] Project:Project12, Design:Circuit Design_KYA, (info): Simulation succeeded. Total simulator time: 0:00:00 (08:16:53 PM  Oct 12, 2025)
[info] Project:Project12, myTransient: Solution(s) invalidated. (08:16:56 PM  Oct 12, 2025)
[info] Project:Project12, Design:Circuit Design_KYA, Nexxim simulation will use local parameter scoping. To change this option, please go to Tools>Options>General Options>Circuit Design (08:16:58 PM  Oct 12, 2025)
[info] Project:Project12, Design:Circuit Design_KYA, (info): Processing circuit for new analysis. (08:16:59 PM  Oct 12, 2025)
[info] Project:Project12, Design:Circuit Design_KYA, (info): Starting analysis type TRAN. (08:17:00 PM  Oct 12, 2025)
[info] Project:Project12, Design:Circuit Design_KYA, (info): Simulation succeeded. Total simulator time: 0:00:01 (08:17:00 PM  Oct 12, 2025)
[info] Project:Project12, myTransient: Solution(s) invalidated. (08:17:05 PM  Oct 12, 2025)
[info] Project:Project12, Design:Circuit Design_KYA, Nexxim simulation will use local parameter scoping. To change this option, please go to Tools>Options>General Options>Circuit Design (08:17:07 PM  Oct 12, 2025)
[info] Project:Project12, Design:Circuit Design_KYA, (info): Processing circuit for new analysis. (08:17:07 PM  Oct 12, 2025)
[info] Project:Project12, Design:Circuit Design_KYA, (info): Starting analysis type TRAN. (08:17:08 PM  Oct 12, 2025)
[info] Project:Project12, Design:Circuit Design_KYA, (info): Simulation succeeded. Total simulator time: 0:00:01 (08:17:08 PM  Oct 12, 2025)
[info] Project:Project12, myTransient: Solution(s) invalidated. (08:17:13 PM  Oct 12, 2025)
[info] Project:Project12, Design:Circuit Design_KYA, Nexxim simulation will use local parameter scoping. To change this option, please go to Tools>Options>General Options>Circuit Design (08:17:15 PM  Oct 12, 2025)
[info] Project:Project12, Design:Circuit Design_KYA, (info): Processing circuit for new analysis. (08:17:15 PM  Oct 12, 2025)
[info] Project:Project12, Design:Circuit Design_KYA, (info): Starting analysis type TRAN. (08:17:16 PM  Oct 12, 2025)
[info] Project:Project12, Design:Circuit Design_KYA, (info): Simulation succeeded. Total simulator time: 0:00:00 (08:17:16 PM  Oct 12, 2025)
Stopping Batch Run: 8:17:31 PM  Oct 12, 2025
 
Ansys Electronics Desktop Version 2025.2.0, Build: 2025-05-16 12:03:40
Location: C:\Program Files\ANSYS Inc\v252\AnsysEM\ansysedt.exe
Non Graphical Mode: No Project??
Starting Batch Run: 8:35:29 PM  Oct 12, 2025
Running as user : ANSYS\mlin
Temp directory: C:\Users\mlin\AppData\Local\Temp
Project directory: D:\demo2
[info] GRPC server running on port: 60722.

[info] Project:Project13, myTransient: Solution(s) invalidated. (08:35:37 PM  Oct 12, 2025)
[info] Project:Project13, Design:Circuit Design_2S0, Nexxim simulation will use local parameter scoping. To change this option, please go to Tools>Options>General Options>Circuit Design (08:35:44 PM  Oct 12, 2025)
[info] Project:Project13, Design:Circuit Design_2S0, (info): Processing circuit for new analysis. (08:35:44 PM  Oct 12, 2025)
[info] Project:Project13, Design:Circuit Design_2S0, (info): Starting analysis type TRAN. (08:35:45 PM  Oct 12, 2025)
[info] Project:Project13, Design:Circuit Design_2S0, (info): Simulation succeeded. Total simulator time: 0:00:01 (08:35:45 PM  Oct 12, 2025)
[info] Project:Project13, myTransient: Solution(s) invalidated. (08:35:50 PM  Oct 12, 2025)
[info] Project:Project13, Design:Circuit Design_2S0, Nexxim simulation will use local parameter scoping. To change this option, please go to Tools>Options>General Options>Circuit Design (08:35:51 PM  Oct 12, 2025)
[info] Project:Project13, Design:Circuit Design_2S0, (info): Processing circuit for new analysis. (08:35:51 PM  Oct 12, 2025)
[info] Project:Project13, Design:Circuit Design_2S0, (info): Starting analysis type TRAN. (08:35:52 PM  Oct 12, 2025)
[info] Project:Project13, Design:Circuit Design_2S0, (info): Simulation succeeded. Total simulator time: 0:00:01 (08:35:53 PM  Oct 12, 2025)
[info] Project:Project13, myTransient: Solution(s) invalidated. (08:35:58 PM  Oct 12, 2025)
[info] Project:Project13, Design:Circuit Design_2S0, Nexxim simulation will use local parameter scoping. To change this option, please go to Tools>Options>General Options>Circuit Design (08:35:59 PM  Oct 12, 2025)
[info] Project:Project13, Design:Circuit Design_2S0, (info): Processing circuit for new analysis. (08:35:59 PM  Oct 12, 2025)
[info] Project:Project13, Design:Circuit Design_2S0, (info): Starting analysis type TRAN. (08:36:00 PM  Oct 12, 2025)
[info] Project:Project13, Design:Circuit Design_2S0, (info): Simulation succeeded. Total simulator time: 0:00:01 (08:36:01 PM  Oct 12, 2025)
[info] Project:Project13, myTransient: Solution(s) invalidated. (08:36:06 PM  Oct 12, 2025)
[info] Project:Project13, Design:Circuit Design_2S0, Nexxim simulation will use local parameter scoping. To change this option, please go to Tools>Options>General Options>Circuit Design (08:36:07 PM  Oct 12, 2025)
[info] Project:Project13, Design:Circuit Design_2S0, (info): Processing circuit for new analysis. (08:36:08 PM  Oct 12, 2025)
[info] Project:Project13, Design:Circuit Design_2S0, (info): Starting analysis type TRAN. (08:36:09 PM  Oct 12, 2025)
[info] Project:Project13, Design:Circuit Design_2S0, (info): Simulation succeeded. Total simulator time: 0:00:01 (08:36:09 PM  Oct 12, 2025)
[info] Project:Project13, myTransient: Solution(s) invalidated. (08:36:14 PM  Oct 12, 2025)
[info] Project:Project13, Design:Circuit Design_2S0, Nexxim simulation will use local parameter scoping. To change this option, please go to Tools>Options>General Options>Circuit Design (08:36:15 PM  Oct 12, 2025)
[info] Project:Project13, Design:Circuit Design_2S0, (info): Processing circuit for new analysis. (08:36:15 PM  Oct 12, 2025)
[info] Project:Project13, Design:Circuit Design_2S0, (info): Starting analysis type TRAN. (08:36:16 PM  Oct 12, 2025)
[info] Project:Project13, Design:Circuit Design_2S0, (info): Simulation succeeded. Total simulator time: 0:00:01 (08:36:17 PM  Oct 12, 2025)
[info] Project:Project13, myTransient: Solution(s) invalidated. (08:36:23 PM  Oct 12, 2025)
[info] Project:Project13, Design:Circuit Design_2S0, Nexxim simulation will use local parameter scoping. To change this option, please go to Tools>Options>General Options>Circuit Design (08:36:25 PM  Oct 12, 2025)
[info] Project:Project13, Design:Circuit Design_2S0, (info): Processing circuit for new analysis. (08:36:25 PM  Oct 12, 2025)
[info] Project:Project13, Design:Circuit Design_2S0, (info): Starting analysis type TRAN. (08:36:26 PM  Oct 12, 2025)
[info] Project:Project13, Design:Circuit Design_2S0, (info): Simulation succeeded. Total simulator time: 0:00:01 (08:36:27 PM  Oct 12, 2025)
[info] Project:Project13, myTransient: Solution(s) invalidated. (08:36:32 PM  Oct 12, 2025)
[info] Project:Project13, Design:Circuit Design_2S0, Nexxim simulation will use local parameter scoping. To change this option, please go to Tools>Options>General Options>Circuit Design (08:36:34 PM  Oct 12, 2025)
[info] Project:Project13, Design:Circuit Design_2S0, (info): Processing circuit for new analysis. (08:36:34 PM  Oct 12, 2025)
[info] Project:Project13, Design:Circuit Design_2S0, (info): Starting analysis type TRAN. (08:36:35 PM  Oct 12, 2025)
[info] Project:Project13, Design:Circuit Design_2S0, (info): Simulation succeeded. Total simulator time: 0:00:01 (08:36:35 PM  Oct 12, 2025)
[info] Project:Project13, myTransient: Solution(s) invalidated. (08:36:40 PM  Oct 12, 2025)
[info] Project:Project13, Design:Circuit Design_2S0, Nexxim simulation will use local parameter scoping. To change this option, please go to Tools>Options>General Options>Circuit Design (08:36:41 PM  Oct 12, 2025)
[info] Project:Project13, Design:Circuit Design_2S0, (info): Processing circuit for new analysis. (08:36:42 PM  Oct 12, 2025)
[info] Project:Project13, Design:Circuit Design_2S0, (info): Starting analysis type TRAN. (08:36:42 PM  Oct 12, 2025)
[info] Project:Project13, Design:Circuit Design_2S0, (info): Simulation succeeded. Total simulator time: 0:00:01 (08:36:43 PM  Oct 12, 2025)
[info] Project:Project13, myTransient: Solution(s) invalidated. (08:36:46 PM  Oct 12, 2025)
[info] Project:Project13, Design:Circuit Design_2S0, Nexxim simulation will use local parameter scoping. To change this option, please go to Tools>Options>General Options>Circuit Design (08:36:48 PM  Oct 12, 2025)
[info] Project:Project13, Design:Circuit Design_2S0, (info): Processing circuit for new analysis. (08:36:48 PM  Oct 12, 2025)
[info] Project:Project13, Design:Circuit Design_2S0, (info): Starting analysis type TRAN. (08:36:49 PM  Oct 12, 2025)
[info] Project:Project13, Design:Circuit Design_2S0, (info): Simulation succeeded. Total simulator time: 0:00:01 (08:36:49 PM  Oct 12, 2025)
[info] Project:Project13, myTransient: Solution(s) invalidated. (08:36:53 PM  Oct 12, 2025)
[info] Project:Project13, Design:Circuit Design_2S0, Nexxim simulation will use local parameter scoping. To change this option, please go to Tools>Options>General Options>Circuit Design (08:36:55 PM  Oct 12, 2025)
[info] Project:Project13, Design:Circuit Design_2S0, (info): Processing circuit for new analysis. (08:36:56 PM  Oct 12, 2025)
[info] Project:Project13, Design:Circuit Design_2S0, (info): Starting analysis type TRAN. (08:36:56 PM  Oct 12, 2025)
[info] Project:Project13, Design:Circuit Design_2S0, (info): Simulation succeeded. Total simulator time: 0:00:00 (08:36:57 PM  Oct 12, 2025)
[info] Project:Project13, myTransient: Solution(s) invalidated. (08:37:00 PM  Oct 12, 2025)
[info] Project:Project13, Design:Circuit Design_2S0, Nexxim simulation will use local parameter scoping. To change this option, please go to Tools>Options>General Options>Circuit Design (08:37:02 PM  Oct 12, 2025)
[info] Project:Project13, Design:Circuit Design_2S0, (info): Processing circuit for new analysis. (08:37:02 PM  Oct 12, 2025)
[info] Project:Project13, Design:Circuit Design_2S0, (info): Starting analysis type TRAN. (08:37:03 PM  Oct 12, 2025)
[info] Project:Project13, Design:Circuit Design_2S0, (info): Simulation succeeded. Total simulator time: 0:00:00 (08:37:03 PM  Oct 12, 2025)
[info] Project:Project13, myTransient: Solution(s) invalidated. (08:37:06 PM  Oct 12, 2025)
[info] Project:Project13, Design:Circuit Design_2S0, Nexxim simulation will use local parameter scoping. To change this option, please go to Tools>Options>General Options>Circuit Design (08:37:07 PM  Oct 12, 2025)
[info] Project:Project13, Design:Circuit Design_2S0, (info): Processing circuit for new analysis. (08:37:08 PM  Oct 12, 2025)
[info] Project:Project13, Design:Circuit Design_2S0, (info): Starting analysis type TRAN. (08:37:09 PM  Oct 12, 2025)
[info] Project:Project13, Design:Circuit Design_2S0, (info): Simulation succeeded. Total simulator time: 0:00:01 (08:37:09 PM  Oct 12, 2025)
[info] Project:Project13, myTransient: Solution(s) invalidated. (08:37:12 PM  Oct 12, 2025)
[info] Project:Project13, Design:Circuit Design_2S0, Nexxim simulation will use local parameter scoping. To change this option, please go to Tools>Options>General Options>Circuit Design (08:37:13 PM  Oct 12, 2025)
[info] Project:Project13, Design:Circuit Design_2S0, (info): Processing circuit for new analysis. (08:37:14 PM  Oct 12, 2025)
[info] Project:Project13, Design:Circuit Design_2S0, (info): Starting analysis type TRAN. (08:37:15 PM  Oct 12, 2025)
[info] Project:Project13, Design:Circuit Design_2S0, (info): Simulation succeeded. Total simulator time: 0:00:00 (08:37:15 PM  Oct 12, 2025)
[info] Project:Project13, myTransient: Solution(s) invalidated. (08:37:18 PM  Oct 12, 2025)
[info] Project:Project13, Design:Circuit Design_2S0, Nexxim simulation will use local parameter scoping. To change this option, please go to Tools>Options>General Options>Circuit Design (08:37:20 PM  Oct 12, 2025)
[info] Project:Project13, Design:Circuit Design_2S0, (info): Processing circuit for new analysis. (08:37:20 PM  Oct 12, 2025)
[info] Project:Project13, Design:Circuit Design_2S0, (info): Starting analysis type TRAN. (08:37:21 PM  Oct 12, 2025)
[info] Project:Project13, Design:Circuit Design_2S0, (info): Simulation succeeded. Total simulator time: 0:00:00 (08:37:21 PM  Oct 12, 2025)
[info] Project:Project13, myTransient: Solution(s) invalidated. (08:37:24 PM  Oct 12, 2025)
[info] Project:Project13, Design:Circuit Design_2S0, Nexxim simulation will use local parameter scoping. To change this option, please go to Tools>Options>General Options>Circuit Design (08:37:26 PM  Oct 12, 2025)
[info] Project:Project13, Design:Circuit Design_2S0, (info): Processing circuit for new analysis. (08:37:26 PM  Oct 12, 2025)
[info] Project:Project13, Design:Circuit Design_2S0, (info): Starting analysis type TRAN. (08:37:27 PM  Oct 12, 2025)
[info] Project:Project13, Design:Circuit Design_2S0, (info): Simulation succeeded. Total simulator time: 0:00:00 (08:37:27 PM  Oct 12, 2025)
[info] Project:Project13, myTransient: Solution(s) invalidated. (08:37:30 PM  Oct 12, 2025)
[info] Project:Project13, Design:Circuit Design_2S0, Nexxim simulation will use local parameter scoping. To change this option, please go to Tools>Options>General Options>Circuit Design (08:37:32 PM  Oct 12, 2025)
[info] Project:Project13, Design:Circuit Design_2S0, (info): Processing circuit for new analysis. (08:37:32 PM  Oct 12, 2025)
[info] Project:Project13, Design:Circuit Design_2S0, (info): Starting analysis type TRAN. (08:37:33 PM  Oct 12, 2025)
[info] Project:Project13, Design:Circuit Design_2S0, (info): Simulation succeeded. Total simulator time: 0:00:01 (08:37:33 PM  Oct 12, 2025)
[info] Project:Project13, myTransient: Solution(s) invalidated. (08:37:37 PM  Oct 12, 2025)
[info] Project:Project13, Design:Circuit Design_2S0, Nexxim simulation will use local parameter scoping. To change this option, please go to Tools>Options>General Options>Circuit Design (08:37:38 PM  Oct 12, 2025)
[info] Project:Project13, Design:Circuit Design_2S0, (info): Processing circuit for new analysis. (08:37:39 PM  Oct 12, 2025)
[info] Project:Project13, Design:Circuit Design_2S0, (info): Starting analysis type TRAN. (08:37:40 PM  Oct 12, 2025)
[info] Project:Project13, Design:Circuit Design_2S0, (info): Simulation succeeded. Total simulator time: 0:00:01 (08:37:40 PM  Oct 12, 2025)
[info] Project:Project13, myTransient: Solution(s) invalidated. (08:37:44 PM  Oct 12, 2025)
[info] Project:Project13, Design:Circuit Design_2S0, Nexxim simulation will use local parameter scoping. To change this option, please go to Tools>Options>General Options>Circuit Design (08:37:46 PM  Oct 12, 2025)
[info] Project:Project13, Design:Circuit Design_2S0, (info): Processing circuit for new analysis. (08:37:46 PM  Oct 12, 2025)
[info] Project:Project13, Design:Circuit Design_2S0, (info): Starting analysis type TRAN. (08:37:47 PM  Oct 12, 2025)
[info] Project:Project13, Design:Circuit Design_2S0, (info): Simulation succeeded. Total simulator time: 0:00:00 (08:37:47 PM  Oct 12, 2025)
Stopping Batch Run: 8:38:00 PM  Oct 12, 2025
